<?xml version="1.0" encoding="UTF-8"?>
<testng-results skipped="0" failed="0" ignored="0" total="1" passed="1">
  <reporter-output>
  </reporter-output>
  <suite name="Default suite" duration-ms="109" started-at="2020-01-03T01:32:29Z" finished-at="2020-01-03T01:32:29Z">
    <groups>
    </groups>
    <test name="Default test" duration-ms="109" started-at="2020-01-03T01:32:29Z" finished-at="2020-01-03T01:32:29Z">
      <class name="org.openqa.org.openqa.selenium.NewTest3">
        <test-method status="PASS" signature="beforeSuite()[pri:0, instance:org.openqa.org.openqa.selenium.NewTest3@396a51ab]" name="beforeSuite" is-config="true" duration-ms="31" started-at="2020-01-03T01:32:29Z" finished-at="2020-01-03T01:32:29Z">
          <reporter-output>
          </reporter-output>
        </test-method> <!-- beforeSuite -->
        <test-method status="PASS" signature="beforeTest()[pri:0, instance:org.openqa.org.openqa.selenium.NewTest3@396a51ab]" name="beforeTest" is-config="true" duration-ms="0" started-at="2020-01-03T01:32:29Z" finished-at="2020-01-03T01:32:29Z">
          <reporter-output>
          </reporter-output>
        </test-method> <!-- beforeTest -->
        <test-method status="PASS" signature="beforeClass()[pri:0, instance:org.openqa.org.openqa.selenium.NewTest3@396a51ab]" name="beforeClass" is-config="true" duration-ms="0" started-at="2020-01-03T01:32:29Z" finished-at="2020-01-03T01:32:29Z">
          <reporter-output>
          </reporter-output>
        </test-method> <!-- beforeClass -->
        <test-method status="PASS" signature="beforeMethod()[pri:0, instance:org.openqa.org.openqa.selenium.NewTest3@396a51ab]" name="beforeMethod" is-config="true" duration-ms="0" started-at="2020-01-03T01:32:29Z" finished-at="2020-01-03T01:32:29Z">
          <reporter-output>
          </reporter-output>
        </test-method> <!-- beforeMethod -->
        <test-method status="PASS" signature="f()[pri:0, instance:org.openqa.org.openqa.selenium.NewTest3@396a51ab]" name="f" duration-ms="16" started-at="2020-01-03T01:32:29Z" finished-at="2020-01-03T01:32:29Z">
          <reporter-output>
          </reporter-output>
        </test-method> <!-- f -->
        <test-method status="PASS" signature="afterMethod()[pri:0, instance:org.openqa.org.openqa.selenium.NewTest3@396a51ab]" name="afterMethod" is-config="true" duration-ms="0" started-at="2020-01-03T01:32:29Z" finished-at="2020-01-03T01:32:29Z">
          <reporter-output>
          </reporter-output>
        </test-method> <!-- afterMethod -->
        <test-method status="PASS" signature="afterClass()[pri:0, instance:org.openqa.org.openqa.selenium.NewTest3@396a51ab]" name="afterClass" is-config="true" duration-ms="0" started-at="2020-01-03T01:32:29Z" finished-at="2020-01-03T01:32:29Z">
          <reporter-output>
          </reporter-output>
        </test-method> <!-- afterClass -->
        <test-method status="PASS" signature="afterTest()[pri:0, instance:org.openqa.org.openqa.selenium.NewTest3@396a51ab]" name="afterTest" is-config="true" duration-ms="0" started-at="2020-01-03T01:32:29Z" finished-at="2020-01-03T01:32:29Z">
          <reporter-output>
          </reporter-output>
        </test-method> <!-- afterTest -->
        <test-method status="PASS" signature="afterSuite()[pri:0, instance:org.openqa.org.openqa.selenium.NewTest3@396a51ab]" name="afterSuite" is-config="true" duration-ms="0" started-at="2020-01-03T01:32:30Z" finished-at="2020-01-03T01:32:30Z">
          <reporter-output>
          </reporter-output>
        </test-method> <!-- afterSuite -->
      </class> <!-- org.openqa.org.openqa.selenium.NewTest3 -->
    </test> <!-- Default test -->
  </suite> <!-- Default suite -->
</testng-results>
